These are the latest results from newlib tool chain testing. Unless otherwise indicated, the tools are the SVN versions on the date shown, and record the number of tests in each [[test result category]]. For each tool an explanation is provided of any tests with a FAIL, XPASS or UNRESOLVED outcome.

== binutils 2.20.1 ==

=== General ===

 <nowiki>
                === binutils Summary ===

# of expected passes		64
# of unsupported tests		2

runtest completed at Tue Nov  2 16:03:16 2010</nowiki>

=== Linker ===

 <nowiki>
                === ld Summary ===

# of expected passes		131
# of unexpected failures	5
# of unexpected successes	11
# of expected failures		12
# of unsupported tests		3

runtest completed at Fri Aug 20 11:47:49 2010</nowiki>

==== FAIL tests ====

;Check --gc-sections on tls variable
;Check --gc-section
;Check --gc-section/-q
;Check --gc-section/-r/-e
;Check --gc-section/-r/-u
:--gc-sections is not actually supported for the OpenRISC 1000, yet the linker --help reports that it is, so these tests are run

==== XPASS tests ====

;ld-discard/extern
;ld-discard/start 	
;ld-discard/static 
;ld-discard/zero-rel
;ld-elf/empty2 	
;ld-elf/group1 	
;ld-elf/merge2 	
;ld-elf/orphan3 
;ld-elf/warn1 	
;ld-elf/warn2 	
;weak symbols
:To be investigated.

=== Assembler ===

 <nowiki>
		=== gas Summary ===

# of expected passes		108
# of expected failures		1

runtest completed at Tue Nov  2 16:04:12 2010M</nowiki>

== GCC 4.5.1 ==

=== C compiler ===

 <nowiki>
		=== gcc Summary ===

# of expected passes		53377
# of expected failures		84
# of unsupported tests		724

runtest completed at Wed Jun 15 15:01:44 2011</nowiki>

The builtins for applying functions are currently not supported on OpenRISC, which means that the builtin-apply4.c execution test occasionally fails.

=== C++ compiler ===

 <nowiki>
		=== g++ Summary ===

# of expected passes		21112
# of expected failures		149
# of unsupported tests		247

runtest completed at Wed Jun 15 15:01:53 2011</nowiki>

=== C++ library ===

 <nowiki>
		=== libstdc++ Summary ===

# of expected passes		5922
# of expected failures		134
# of unsupported tests		581

runtest completed at Thu Jun 16 18:17:16 2011</nowiki>

A number of tests require file I/O support or <tt>gettimeofday</tt> support, which is not provided in the OpenRISC newlib implementation. These tests have been marked as expecting to fail when run with OpenRISC.

Two of the standard tests will not work with newlib generically, due to a bug in the handling of wide char stream I/O and <tt>is_scan</tt> support for wide characters. These tests have been marked as expecting to fail when run with newlib.

== GCC 4.8.0 ==

These are the results of the or1k-elf-gcc (newly renamed) that is still under development.

=== C compiler ===

 <nowiki>

		=== gcc Summary ===

# of expected passes		69977
# of unexpected failures	28
# of unexpected successes	1
# of expected failures		97
# of unresolved testcases	17
# of unsupported tests		1334</nowiki>

==== FAIL tests ====
;gcc.c-torture/execute/builtins/memcpy-chk.c compilation,  -O2 -flto -fuse-linker-plugin -fno-fat-lto-objects
:/tmp/ccavij90.ltrans1.ltrans.o: In function `memset':
:ccavij90.ltrans1.o:(.text+0x834): multiple definition of `memset'
:/opt/openrisc-latest/lib/gcc/or1k-elf/4.8.0/../../../../or1k-elf/lib/libc.a(lib_a-memset.o):/localhome/jules/svn/opencores/openrisc/trunk/gnu-src/bd-elf/or1k-elf/newlib/libc/string/../../../../../unisrc/newlib/libc/string/memset.c:47: first defined here
:collect2: error: ld returned 1 exit status

The following fail with a similar issue (memset defined in two places - the test code and newlib):
;gcc.c-torture/execute/builtins/memmove-chk.c compilation,  -O2 -flto -fuse-linker-plugin -fno-fat-lto-objects 
;gcc.c-torture/execute/builtins/memops-asm.c compilation,  -O2 -flto -fuse-linker-plugin -fno-fat-lto-objects 
;gcc.c-torture/execute/builtins/mempcpy-chk.c compilation,  -O2 -flto -fuse-linker-plugin -fno-fat-lto-objects 
;gcc.c-torture/execute/builtins/memset-chk.c compilation,  -O2 -flto -fuse-linker-plugin -fno-fat-lto-objects 
;gcc.c-torture/execute/builtins/memset.c compilation,  -O2 -flto -fuse-linker-plugin -fno-fat-lto-objects 
;gcc.c-torture/execute/builtins/pr23484-chk.c compilation,  -O2 -flto -fuse-linker-plugin -fno-fat-lto-objects 
;gcc.c-torture/execute/builtins/snprintf-chk.c compilation,  -O2 -flto -fuse-linker-plugin -fno-fat-lto-objects 
;gcc.c-torture/execute/builtins/sprintf-chk.c compilation,  -O2 -flto -fuse-linker-plugin -fno-fat-lto-objects 
;gcc.c-torture/execute/builtins/stpcpy-chk.c compilation,  -O2 -flto -fuse-linker-plugin -fno-fat-lto-objects 
;gcc.c-torture/execute/builtins/stpncpy-chk.c compilation,  -O2 -flto -fuse-linker-plugin -fno-fat-lto-objects 
;gcc.c-torture/execute/builtins/strcat-chk.c compilation,  -O2 -flto -fuse-linker-plugin -fno-fat-lto-objects 
;gcc.c-torture/execute/builtins/strcpy-chk.c compilation,  -O2 -flto -fuse-linker-plugin -fno-fat-lto-objects 
;gcc.c-torture/execute/builtins/strncat-chk.c compilation,  -O2 -flto -fuse-linker-plugin -fno-fat-lto-objects 
;gcc.c-torture/execute/builtins/strncpy-chk.c compilation,  -O2 -flto -fuse-linker-plugin -fno-fat-lto-objects 
;gcc.c-torture/execute/builtins/vsnprintf-chk.c compilation,  -O2 -flto -fuse-linker-plugin -fno-fat-lto-objects 
;gcc.c-torture/execute/builtins/vsprintf-chk.c compilation,  -O2 -flto -fuse-linker-plugin -fno-fat-lto-objects

;gcc.dg/builtin-object-size-10.c scan-tree-dump objsz "maximum object size 21"

It looks like in the generated dump file (not sure how it's created) we have the following line:
:dpkt_1: maximum object size 24
and so must be failing the check for max object size of 21.

;gcc.dg/pr45259.c (test for excess errors)
:/localhome/jules/svn/opencores/openrisc/trunk/gnu-src/unisrc/gcc/testsuite/gcc.dg/pr45259.c: In function 'foo':
:/localhome/jules/svn/opencores/openrisc/trunk/gnu-src/unisrc/gcc/testsuite/gcc.dg/pr45259.c:14:3: error: taking the address of a label is non-standard [-pedantic]
:/localhome/jules/svn/opencores/openrisc/trunk/gnu-src/unisrc/gcc/testsuite/gcc.dg/pr45259.c:14:3: error: taking the address of a label is non-standard [-pedantic]
:/localhome/jules/svn/opencores/openrisc/trunk/gnu-src/unisrc/gcc/testsuite/gcc.dg/pr45259.c:21:2: error: ISO C forbids 'goto *expr;' [-pedantic]

;gcc.dg/pr49994-3.c (test for excess errors)
:/localhome/jules/svn/opencores/openrisc/trunk/gnu-src/unisrc/gcc/testsuite/gcc.dg/pr49994-3.c:15:7: warning: unsupported argument to '__builtin_return_address' [enabled by default]
:/localhome/jules/svn/opencores/openrisc/trunk/gnu-src/unisrc/gcc/testsuite/gcc.dg/pr49994-3.c:17:7: warning: unsupported argument to '__builtin_return_address' [enabled by default]
:/localhome/jules/svn/opencores/openrisc/trunk/gnu-src/unisrc/gcc/testsuite/gcc.dg/pr49994-3.c:19:7: warning: unsupported argument to '__builtin_return_address' [enabled by default]
:/localhome/jules/svn/opencores/openrisc/trunk/gnu-src/unisrc/gcc/testsuite/gcc.dg/pr49994-3.c:21:7: warning: unsupported argument to '__builtin_return_address' [enabled by default]

;gcc.dg/stack-usage-1.c (test for excess errors)
:/localhome/jules/svn/opencores/openrisc/trunk/gnu-src/unisrc/gcc/testsuite/gcc.dg/stack-usage-1.c:70:1: warning: stack usage computation not supported for this target [enabled by default]

;gcc.dg/stack-usage-1.c scan-file foo\t(256|264)\tstatic

;gcc.dg/stack-usage-2.c  (test for bogus messages, line 9)
;gcc.dg/stack-usage-2.c  (test for warnings, line 16)
;gcc.dg/stack-usage-2.c  (test for warnings, line 26)
;gcc.dg/stack-usage-2.c  (test for warnings, line 33)

;gcc.dg/visibility-14.c scan-hidden hidden[ \t_]*foo

It's not obvious what is wrong with this one. The source file has a comment:
:Test that called external functions are marked.
and the generated disassembly has a call to the foo() function with just a l.jal:
:        l.jal           foo
:        l.nop                   # nop delay slot
and is the only reference to the function there.

;gcc.dg/torture/stackalign/builtin-apply-2.c  -O0  execution test
:exit(1)
This test should be skipped (is a variadic function test similar to another we skip).
==== XPASS tests ====

;gcc.dg/tree-ssa/20040204-1.c scan-tree-dump-times optimized "link_error" 0/

=== C++ compiler ===

 <nowiki>
                === g++ Summary ===

# of expected passes            44118
# of unexpected failures        4
# of expected failures          278
# of unresolved testcases       2
# of unsupported tests          774

runtest completed at Tue Apr 10 06:19:43 2012</nowiki>

==== FAIL tests ====

;g++.dg/lookup/builtin5.C scan-assembler _ZSt5atanhd

It looks like this one is failing because the generated assembly code looks like this:
:        .section        .text.atanh,"axG",@progbits,atanh,comdat

whereas the correct output should be (generated with the -std=c++98 flag):
:        .section        .text._ZSt5atanhd,"axG",@progbits,_ZSt5atanhd,comdat


;g++.dg/lto/20090303 cp_lto_20090303_0.o assemble, -flto -flto-partition=1to1 -fPIC
:/tmp/ccxdrUjL.s: Assembler messages:
:/tmp/ccxdrUjL.s:246: Error: missing `)' `l.movhi r10,hi(_GLOBAL_OFFSET_TABLE_@GOTPC+1)'
:/tmp/ccxdrUjL.s:247: Error: missing `)' `l.addi r10,r10,lo(_GLOBAL_OFFSET_TABLE_@GOTPC)'
:/tmp/ccxdrUjL.s:250: Error: syntax error (expected char `(', found `@') `l.lwz r3,__gxx_personality_sj0@GOTOFF(r10)'
:/tmp/ccxdrUjL.s:252: Error: syntax error (expected char `(', found `@') `l.lwz r3,.LLSDA1@GOTOFF(r10)'
:/tmp/ccxdrUjL.s:257: Error: syntax error (expected char `(', found `@') `l.lwz r4,.L4@GOTOFF(r10)'
:/tmp/ccxdrUjL.s:263: Error: syntax error (expected char `(', found `@') `l.lwz r3,j@GOTOFF(r10)'
:/tmp/ccxdrUjL.s:266: Error: syntax error (expected char `(', found `@') `l.lwz r5,test_ints@GOTOFF(r10)'

The following gave no output errors and appear to be due to warnings which weren't generated by the compiler:
;g++.old-deja/g++.jason/rfg22.C -std=c++98  (test for errors, line 2)
;g++.old-deja/g++.jason/rfg22.C -std=c++11  (test for errors, line 2)

=== C++ library ===

 <nowiki>

                === libstdc++ Summary ===

# of expected passes            6726
# of unexpected failures        32
# of expected failures          42
# of unsupported tests          597

runtest completed at Mon Apr  9 01:42:59 2012</nowiki>

==== FAIL tests ====


;21_strings/basic_string/append/wchar_t/3.cc execution test
:terminate called after throwing an instance of 'std::bad_alloc'
:  what():  std::bad_alloc
:exit(1)

;21_strings/basic_string/capacity/char/18654.cc execution test

The following also had the same error:
;21_strings/basic_string/capacity/wchar_t/18654.cc execution test
;21_strings/basic_string/cons/wchar_t/6.cc execution test
;21_strings/basic_string/inserters_extractors/wchar_t/10.cc execution test
;21_strings/basic_string/inserters_extractors/wchar_t/11.cc execution test
;22_locale/collate/transform/char/28277.cc execution test
;22_locale/collate/transform/wchar_t/28277.cc execution test
;23_containers/vector/profile/vector.cc execution test
;26_numerics/valarray/28277.cc execution test
;27_io/basic_istream/extractors_character/wchar_t/4.cc execution test
;27_io/basic_istream/getline/wchar_t/5.cc execution test
;27_io/basic_istream/ignore/wchar_t/2.cc execution test
;27_io/basic_stringbuf/overflow/wchar_t/1.cc execution test
;27_io/basic_stringbuf/setbuf/wchar_t/4.cc execution test

;21_strings/basic_string/inserters_extractors/wchar_t/5.cc execution test
:assertion "ofs.good()" failed: file "/localhome/jules/svn/opencores/openrisc/trunk/gnu-src/unisrc/libstdc++-v3/testsuite/21_strings/basic_string/inserters_extractors/wchar_t/5.cc", line 45, function: void test05(std::size_t)
:exit(1)

;25_algorithms/copy/streambuf_iterators/wchar_t/4.cc execution test
:assertion "fbuf_ref.good()" failed: file "/localhome/jules/svn/opencores/openrisc/trunk/gnu-src/unisrc/libstdc++-v3/testsuite/25_algorithms/copy/streambuf_iterators/wchar_t/4.cc", line 45, function: void test01()
:exit(1)

;25_algorithms/find/istreambuf_iterators/wchar_t/2.cc execution test
:assertion "found == 1500" failed: file "/localhome/jules/svn/opencores/openrisc/trunk/gnu-src/unisrc/libstdc++-v3/testsuite/25_algorithms/find/istreambuf_iterators/wchar_t/2.cc", line 52, function: void test01()
:exit(1)

;27_io/basic_istream/extractors_other/wchar_t/2.cc execution test
:assertion "fbin.is_open()" failed: file "/localhome/jules/svn/opencores/openrisc/trunk/gnu-src/unisrc/libstdc++-v3/testsuite/27_io/basic_istream/extractors_other/wchar_t/2.cc", line 36, function: void test02()
:exit(1)

;27_io/basic_istream/get/wchar_t/2.cc execution test
:assertion "!(!infile)" failed: file "/localhome/jules/svn/opencores/openrisc/trunk/gnu-src/unisrc/libstdc++-v3/testsuite/27_io/basic_istream/get/wchar_t/2.cc", line 37, function: void test07()
:exit(1)

;27_io/basic_istream/ignore/wchar_t/3.cc execution test
:assertion "state1 == ios_base::goodbit" failed: file "/localhome/jules/svn/opencores/openrisc/trunk/gnu-src/unisrc/libstdc++-v3/testsuite/27_io/basic_istream/ignore/wchar_t/3.cc", line 41, function: void test01()
:exit(1)

;27_io/basic_istream/seekg/wchar_t/sstream.cc execution test
:assertion "if01.good()" failed: file "/localhome/jules/svn/opencores/openrisc/trunk/gnu-src/unisrc/libstdc++-v3/testsuite/27_io/basic_istream/seekg/wchar_t/sstream.cc", line 42, function: void test05()
:exit(1)

;27_io/basic_istream/tellg/wchar_t/sstream.cc execution test
:assertion "if01.good()" failed: file "/localhome/jules/svn/opencores/openrisc/trunk/gnu-src/unisrc/libstdc++-v3/testsuite/27_io/basic_istream/tellg/wchar_t/sstream.cc", line 40, function: void test05()
:exit(1)

;27_io/basic_ostream/inserters_arithmetic/wchar_t/4402.cc execution test
:assertion "os2 && os2.str() == largebuf" failed: file "/localhome/jules/svn/opencores/openrisc/trunk/gnu-src/unisrc/libstdc++-v3/testsuite/27_io/basic_ostream/inserters_arithmetic/wchar_t/4402.cc", line 64, function: void test02()
:exit(1)

;27_io/basic_ostream/inserters_character/wchar_t/28277-1.cc execution test
:assertion "oss_01.good()" failed: file "/localhome/jules/svn/opencores/openrisc/trunk/gnu-src/unisrc/libstdc++-v3/testsuite/27_io/basic_ostream/inserters_character/wchar_t/28277-1.cc", line 37, function: void test01()
:exit(1)

;27_io/basic_ostream/inserters_character/wchar_t/28277-2.cc execution test
:assertion "oss_01.good()" failed: file "/localhome/jules/svn/opencores/openrisc/trunk/gnu-src/unisrc/libstdc++-v3/testsuite/27_io/basic_ostream/inserters_character/wchar_t/28277-2.cc", line 40, function: void test01()
:exit(1)

;27_io/basic_ostream/inserters_other/wchar_t/1.cc execution test
:assertion "state01 != state02" failed: file "/localhome/jules/svn/opencores/openrisc/trunk/gnu-src/unisrc/libstdc++-v3/testsuite/27_io/basic_ostream/inserters_other/wchar_t/1.cc", line 48, function: void test02()
:exit(1)

;27_io/ios_base/sync_with_stdio/1.cc execution test
:exit(1)

;27_io/objects/wchar_t/12048-1.cc execution test
:assertion "std::freopen("cin_unget-1.txt", "r", (_impure_ptr->_stdin))" failed: file "/localhome/jules/svn/opencores/openrisc/trunk/gnu-src/unisrc/libstdc++-v3/testsuite/27_io/objects/wchar_t/12048-1.cc", line 29, function: void test01()
:exit(1)

;27_io/objects/wchar_t/12048-2.cc execution test
:assertion "std::freopen("cin_unget-1.txt", "r", (_impure_ptr->_stdin))" failed: file "/localhome/jules/svn/opencores/openrisc/trunk/gnu-src/unisrc/libstdc++-v3/testsuite/27_io/objects/wchar_t/12048-2.cc", line 26, function: void test01()
:exit(1)

;27_io/objects/wchar_t/12048-3.cc execution test
:assertion "std::freopen("cin_unget-1.txt", "r", (_impure_ptr->_stdin))" failed: file "/localhome/jules/svn/opencores/openrisc/trunk/gnu-src/unisrc/libstdc++-v3/testsuite/27_io/objects/wchar_t/12048-3.cc", line 30, function: void test01()
:exit(1)

;27_io/objects/wchar_t/12048-4.cc execution test
:assertion "std::freopen("cin_unget-1.txt", "r", (_impure_ptr->_stdin))" failed: file "/localhome/jules/svn/opencores/openrisc/trunk/gnu-src/unisrc/libstdc++-v3/testsuite/27_io/objects/wchar_t/12048-4.cc", line 26, function: void test01()
:exit(1)

== GDB 7.2 ==

 <nowiki>
		=== gdb Summary ===

# of expected passes		12003
# of unexpected failures	253
# of expected failures		42
# of untested testcases		12
# of unresolved testcases	6
# of unsupported tests		107

runtest completed at Wed Jun 15 09:02:32 2011</nowiki>

=== FAIL tests ===

This is a work in progress, with failures currently being addressed.

=== UNRESOLVED tests ===

;gdb.base/valgrind-db-attach.exp<nowiki>:</nowiki> valgrind started
:valgrind not available for OpenRISC.
;gdb.dwarf2/dw2-modula2-self-type.exp<nowiki>:</nowiki> set language modula-2 ptype v
:Modula 2 is not supported on OpenRISC.
;gdb.dwarf2/dw2-noloc.exp<nowiki>:</nowiki> no-run<nowiki>:</nowiki> print file_locaddr_resolvable
:Failure to find DWARF abbreviation (number 101).
;gdb.dwarf2/dw2-ref-missing-frame.exp<nowiki>:</nowiki> setting breakpoint at func_nofb
;gdb.dwarf2/dw2-ref-missing-frame.exp<nowiki>:</nowiki> setting breakpoint at func_loopfb
:Failure to find DWARF abbreviation (number 43).
;gdb.dwarf2/dw2-unresolved.exp<nowiki>:</nowiki> setting breakpoint at main
:Failure to find DWARF abbreviation (number 108).

== Newlib 1.18.0 ==

 <nowiki>
		=== newlib Summary ===

# of expected passes		23
# of unexpected failures	1

runtest completed at Tue Nov  2 16:06:59 2010</nowiki>

=== FAIL tests ===

;newlib.locale/UTF-8.c output
:This is a failure to select a new language locale. This may be due to the absence of a file system, but more investigation is needed.
